{"level":"info","message":"Server listening on port 3000","timestamp":"Fri, 29 Jul 2022 18:32:20"}
{"level":"info","message":"Retrieving tables","timestamp":"Fri, 29 Jul 2022 18:32:28"}
{"level":"info","message":"Teradata Connection Successful!","timestamp":"Fri, 29 Jul 2022 18:32:37"}
{"level":"info","message":"Teradata Connection closed successfully!","timestamp":"Fri, 29 Jul 2022 18:32:38"}
{"level":"info","message":"::1 - - [29/Jul/2022:13:02:38 +0000] \"POST /api/databases/CDMTDFMGR/tables HTTP/1.1\" 200 811 \"http://localhost:4200/\" \"Mozilla/5.0 (Windows NT 10.0; Win64; x64) AppleWebKit/537.36 (KHTML, like Gecko) Chrome/103.0.0.0 Safari/537.36\" 10201.616 ms\n","timestamp":"Fri, 29 Jul 2022 18:32:38"}
{"level":"info","message":"Server listening on port 3000","timestamp":"Fri, 29 Jul 2022 18:34:50"}
{"level":"info","message":"Server listening on port 3000","timestamp":"Fri, 29 Jul 2022 18:34:57"}
{"level":"info","message":"Server listening on port 3000","timestamp":"Fri, 29 Jul 2022 18:52:10"}
{"level":"error","message":"404 - Not Found - /api/vantage/question%0A - GET - ::1","timestamp":"Fri, 29 Jul 2022 18:52:36"}
{"level":"info","message":"::1 - - [29/Jul/2022:13:22:36 +0000] \"GET /api/vantage/question%0A HTTP/1.1\" 404 63 \"-\" \"PostmanRuntime/7.28.2\"\n","timestamp":"Fri, 29 Jul 2022 18:52:36"}
{"level":"info","message":"Server listening on port 3000","timestamp":"Fri, 29 Jul 2022 18:55:00"}
{"level":"info","message":"::1 - - [29/Jul/2022:13:25:10 +0000] \"GET /api/vantage/question/null%0A HTTP/1.1\" 500 69 \"-\" \"PostmanRuntime/7.28.2\"\n","timestamp":"Fri, 29 Jul 2022 18:55:10"}
{"level":"info","message":"Server listening on port 3000","timestamp":"Fri, 29 Jul 2022 18:56:30"}
{"level":"info","message":"::1 - - [29/Jul/2022:13:26:35 +0000] \"GET /api/vantage/question/10%0A HTTP/1.1\" 500 69 \"-\" \"PostmanRuntime/7.28.2\"\n","timestamp":"Fri, 29 Jul 2022 18:56:35"}
{"level":"info","message":"::1 - - [29/Jul/2022:13:26:40 +0000] \"GET /api/vantage/question/10%0A HTTP/1.1\" 500 69 \"-\" \"PostmanRuntime/7.28.2\"\n","timestamp":"Fri, 29 Jul 2022 18:56:40"}
{"level":"info","message":"Server listening on port 3000","timestamp":"Fri, 29 Jul 2022 18:57:34"}
{"level":"error","message":"Missing required fields in the request.","timestamp":"Fri, 29 Jul 2022 18:57:36"}
{"level":"error","message":"500 - Missing required fields in the request. - /api/vantage/question/10%0A - GET - ::1","timestamp":"Fri, 29 Jul 2022 18:57:36"}
{"level":"info","message":"::1 - - [29/Jul/2022:13:27:36 +0000] \"GET /api/vantage/question/10%0A HTTP/1.1\" 500 99 \"-\" \"PostmanRuntime/7.28.2\"\n","timestamp":"Fri, 29 Jul 2022 18:57:36"}
{"level":"info","message":"Server listening on port 3000","timestamp":"Fri, 29 Jul 2022 19:02:46"}
{"level":"error","message":"Missing required fields in the request.","timestamp":"Fri, 29 Jul 2022 19:02:49"}
{"level":"error","message":"500 - Missing required fields in the request. - /api/vantage/question/10%0A - GET - ::1","timestamp":"Fri, 29 Jul 2022 19:02:49"}
{"level":"info","message":"::1 - - [29/Jul/2022:13:32:49 +0000] \"GET /api/vantage/question/10%0A HTTP/1.1\" 500 148 \"-\" \"PostmanRuntime/7.28.2\"\n","timestamp":"Fri, 29 Jul 2022 19:02:49"}
{"level":"info","message":"Server listening on port 3000","timestamp":"Fri, 29 Jul 2022 19:03:21"}
{"level":"error","message":"Missing required fields in the request.","timestamp":"Fri, 29 Jul 2022 19:03:24"}
{"level":"error","message":"500 - Missing required fields in the request. - /api/vantage/question/10%0A - GET - ::1","timestamp":"Fri, 29 Jul 2022 19:03:24"}
{"level":"info","message":"::1 - - [29/Jul/2022:13:33:24 +0000] \"GET /api/vantage/question/10%0A HTTP/1.1\" 500 78 \"-\" \"PostmanRuntime/7.28.2\"\n","timestamp":"Fri, 29 Jul 2022 19:03:24"}
{"level":"info","message":"Server listening on port 3000","timestamp":"Fri, 29 Jul 2022 19:05:49"}
{"level":"error","message":"Missing required fields in the request.","timestamp":"Fri, 29 Jul 2022 19:05:53"}
{"level":"error","message":"500 - Missing required fields in the request. - /api/vantage/question/10%0A - GET - ::1","timestamp":"Fri, 29 Jul 2022 19:05:53"}
{"level":"info","message":"::1 - - [29/Jul/2022:13:35:53 +0000] \"GET /api/vantage/question/10%0A HTTP/1.1\" 500 78 \"-\" \"PostmanRuntime/7.28.2\"\n","timestamp":"Fri, 29 Jul 2022 19:05:53"}
{"level":"error","message":"Missing required fields in the request.","timestamp":"Fri, 29 Jul 2022 19:06:08"}
{"level":"error","message":"500 - Missing required fields in the request. - /api/vantage/question/10 - GET - ::1","timestamp":"Fri, 29 Jul 2022 19:06:08"}
{"level":"info","message":"::1 - - [29/Jul/2022:13:36:08 +0000] \"GET /api/vantage/question/10 HTTP/1.1\" 500 78 \"-\" \"PostmanRuntime/7.28.2\"\n","timestamp":"Fri, 29 Jul 2022 19:06:08"}
{"level":"info","message":"Server listening on port 3000","timestamp":"Fri, 29 Jul 2022 19:07:40"}
{"level":"error","message":"Missing required fields in the request.","timestamp":"Fri, 29 Jul 2022 19:07:45"}
{"level":"info","message":"::1 - - [29/Jul/2022:13:37:45 +0000] \"GET /api/vantage/question/10 HTTP/1.1\" 500 69 \"-\" \"PostmanRuntime/7.28.2\"\n","timestamp":"Fri, 29 Jul 2022 19:07:45"}
{"level":"error","message":"Missing required fields in the request.","timestamp":"Fri, 29 Jul 2022 19:10:50"}
{"level":"info","message":"::1 - - [29/Jul/2022:13:40:50 +0000] \"GET /api/vantage/question/10 HTTP/1.1\" 500 69 \"-\" \"PostmanRuntime/7.28.2\"\n","timestamp":"Fri, 29 Jul 2022 19:10:50"}
{"level":"info","message":"Server listening on port 3000","timestamp":"Fri, 29 Jul 2022 19:14:36"}
{"level":"error","message":"Missing required fields in the request.","timestamp":"Fri, 29 Jul 2022 19:14:40"}
{"level":"error","message":"400 - Missing required fields in the request. - /api/vantage/question/10 - GET - ::1","timestamp":"Fri, 29 Jul 2022 19:14:40"}
{"level":"info","message":"::1 - - [29/Jul/2022:13:44:40 +0000] \"GET /api/vantage/question/10 HTTP/1.1\" 400 82 \"-\" \"PostmanRuntime/7.28.2\"\n","timestamp":"Fri, 29 Jul 2022 19:14:40"}
{"level":"info","message":"Server listening on port 3000","timestamp":"Fri, 29 Jul 2022 19:17:26"}
{"level":"info","message":"Server listening on port 3000","timestamp":"Fri, 29 Jul 2022 19:53:21"}
{"level":"info","message":"Server listening on port 3000","timestamp":"Fri, 29 Jul 2022 19:55:54"}
{"level":"info","message":"Server listening on port 3000","timestamp":"Fri, 29 Jul 2022 20:27:53"}
