{"level":"info","message":"Server listening on port 3000","timestamp":"Wed, 13 Jul 2022 15:47:20"}
{"level":"info","message":"Server listening on port 3000","timestamp":"Wed, 13 Jul 2022 15:48:22"}
{"level":"info","message":"::1 - - [13/Jul/2022:10:18:26 +0000] \"POST /api/uploadappconfig HTTP/1.1\" 200 54 \"-\" \"PostmanRuntime/7.28.2\"\n","timestamp":"Wed, 13 Jul 2022 15:48:26"}
{"level":"info","message":"::1 - - [13/Jul/2022:10:18:56 +0000] \"POST /api/uploadappconfig HTTP/1.1\" 200 54 \"-\" \"PostmanRuntime/7.28.2\"\n","timestamp":"Wed, 13 Jul 2022 15:48:56"}
{"level":"info","message":"::1 - - [13/Jul/2022:10:19:03 +0000] \"POST /api/uploadappconfig HTTP/1.1\" 500 86 \"-\" \"PostmanRuntime/7.28.2\"\n","timestamp":"Wed, 13 Jul 2022 15:49:03"}
{"level":"info","message":"::1 - - [13/Jul/2022:10:19:26 +0000] \"POST /api/uploadappconfig HTTP/1.1\" 500 86 \"-\" \"PostmanRuntime/7.28.2\"\n","timestamp":"Wed, 13 Jul 2022 15:49:26"}
{"level":"info","message":"::1 - - [13/Jul/2022:10:19:42 +0000] \"POST /api/uploadappconfig HTTP/1.1\" 200 54 \"-\" \"PostmanRuntime/7.28.2\"\n","timestamp":"Wed, 13 Jul 2022 15:49:42"}
{"level":"info","message":"::1 - - [13/Jul/2022:10:21:03 +0000] \"POST /api/uploadappconfig HTTP/1.1\" 200 54 \"-\" \"PostmanRuntime/7.28.2\"\n","timestamp":"Wed, 13 Jul 2022 15:51:03"}
{"level":"info","message":"::1 - - [13/Jul/2022:10:21:52 +0000] \"POST /api/uploadappconfig HTTP/1.1\" 200 54 \"-\" \"PostmanRuntime/7.28.2\"\n","timestamp":"Wed, 13 Jul 2022 15:51:52"}
{"level":"info","message":"Server listening on port 3000","timestamp":"Wed, 13 Jul 2022 16:55:05"}
{"level":"info","message":"Server listening on port 3000","timestamp":"Wed, 13 Jul 2022 16:56:57"}
{"level":"info","message":"Server listening on port 3000","timestamp":"Wed, 13 Jul 2022 16:59:31"}
{"level":"error","message":"500 - appRoot is not defined - /api/vantage/init - POST - ::1","timestamp":"Wed, 13 Jul 2022 16:59:41"}
{"level":"info","message":"::1 - - [13/Jul/2022:11:29:41 +0000] \"POST /api/vantage/init HTTP/1.1\" 500 99 \"-\" \"PostmanRuntime/7.28.2\"\n","timestamp":"Wed, 13 Jul 2022 16:59:41"}
{"level":"info","message":"Server listening on port 3000","timestamp":"Wed, 13 Jul 2022 17:00:01"}
{"level":"info","message":"Server listening on port 3000","timestamp":"Wed, 13 Jul 2022 17:00:08"}
{"level":"info","message":"::1 - - [13/Jul/2022:11:30:10 +0000] \"POST /api/vantage/init HTTP/1.1\" 503 87 \"-\" \"PostmanRuntime/7.28.2\"\n","timestamp":"Wed, 13 Jul 2022 17:00:10"}
{"level":"info","message":"Server listening on port 3000","timestamp":"Wed, 13 Jul 2022 17:01:13"}
{"level":"info","message":"Server listening on port 3000","timestamp":"Wed, 13 Jul 2022 17:01:26"}
{"level":"info","message":"::1 - - [13/Jul/2022:11:31:27 +0000] \"POST /api/vantage/init HTTP/1.1\" 503 87 \"-\" \"PostmanRuntime/7.28.2\"\n","timestamp":"Wed, 13 Jul 2022 17:01:27"}
{"level":"info","message":"::1 - - [13/Jul/2022:11:31:39 +0000] \"POST /api/vantage/init HTTP/1.1\" 500 67 \"-\" \"PostmanRuntime/7.28.2\"\n","timestamp":"Wed, 13 Jul 2022 17:01:39"}
{"level":"info","message":"::1 - - [13/Jul/2022:11:31:44 +0000] \"POST /api/uploadappconfig HTTP/1.1\" 200 54 \"-\" \"PostmanRuntime/7.28.2\"\n","timestamp":"Wed, 13 Jul 2022 17:01:44"}
{"level":"info","message":"::1 - - [13/Jul/2022:11:31:47 +0000] \"POST /api/vantage/init HTTP/1.1\" 503 87 \"-\" \"PostmanRuntime/7.28.2\"\n","timestamp":"Wed, 13 Jul 2022 17:01:47"}
{"level":"info","message":"Server listening on port 3000","timestamp":"Wed, 13 Jul 2022 17:02:29"}
{"level":"info","message":"Server listening on port 3000","timestamp":"Wed, 13 Jul 2022 17:04:14"}
{"level":"info","message":"::1 - - [13/Jul/2022:11:34:19 +0000] \"POST /api/vantage/init HTTP/1.1\" 500 67 \"-\" \"PostmanRuntime/7.28.2\"\n","timestamp":"Wed, 13 Jul 2022 17:04:19"}
{"level":"info","message":"::1 - - [13/Jul/2022:11:34:38 +0000] \"POST /api/vantage/init HTTP/1.1\" 500 67 \"-\" \"PostmanRuntime/7.28.2\"\n","timestamp":"Wed, 13 Jul 2022 17:04:38"}
{"level":"info","message":"Server listening on port 3000","timestamp":"Wed, 13 Jul 2022 17:05:30"}
{"level":"info","message":"::1 - - [13/Jul/2022:11:35:30 +0000] \"POST /api/vantage/init HTTP/1.1\" 500 102 \"-\" \"PostmanRuntime/7.28.2\"\n","timestamp":"Wed, 13 Jul 2022 17:05:30"}
{"level":"info","message":"::1 - - [13/Jul/2022:11:36:58 +0000] \"POST /api/uploadappconfig HTTP/1.1\" 200 54 \"-\" \"PostmanRuntime/7.28.2\"\n","timestamp":"Wed, 13 Jul 2022 17:06:58"}
{"level":"info","message":"Server listening on port 3000","timestamp":"Wed, 13 Jul 2022 17:09:56"}
{"level":"info","message":"::1 - - [13/Jul/2022:11:40:00 +0000] \"POST /api/vantage/init HTTP/1.1\" 503 87 \"-\" \"PostmanRuntime/7.28.2\"\n","timestamp":"Wed, 13 Jul 2022 17:10:00"}
{"level":"info","message":"Server listening on port 3000","timestamp":"Wed, 13 Jul 2022 17:13:05"}
{"level":"info","message":"::1 - - [13/Jul/2022:11:43:12 +0000] \"POST /api/vantage/init HTTP/1.1\" 503 87 \"-\" \"PostmanRuntime/7.28.2\"\n","timestamp":"Wed, 13 Jul 2022 17:13:12"}
{"level":"info","message":"Server listening on port 3000","timestamp":"Wed, 13 Jul 2022 17:15:49"}
{"level":"info","message":"Server listening on port 3000","timestamp":"Wed, 13 Jul 2022 17:17:06"}
{"level":"info","message":"Server listening on port 3000","timestamp":"Wed, 13 Jul 2022 17:18:15"}
{"level":"info","message":"Server listening on port 3000","timestamp":"Wed, 13 Jul 2022 17:21:32"}
{"level":"info","message":"Server listening on port 3000","timestamp":"Wed, 13 Jul 2022 17:21:52"}
{"level":"info","message":"::1 - - [13/Jul/2022:11:51:54 +0000] \"POST /api/vantage/init HTTP/1.1\" 503 87 \"-\" \"PostmanRuntime/7.28.2\"\n","timestamp":"Wed, 13 Jul 2022 17:21:54"}
{"level":"error","timestamp":"Wed, 13 Jul 2022 17:22:18"}
{"level":"info","message":"::1 - - [13/Jul/2022:11:52:18 +0000] \"POST /api/vantage/init HTTP/1.1\" 500 155 \"-\" \"PostmanRuntime/7.28.2\"\n","timestamp":"Wed, 13 Jul 2022 17:22:18"}
{"level":"info","message":"Server listening on port 3000","timestamp":"Wed, 13 Jul 2022 17:22:50"}
{"level":"info","message":"::1 - - [13/Jul/2022:11:53:14 +0000] \"POST /api/vantage/init HTTP/1.1\" 503 87 \"-\" \"PostmanRuntime/7.28.2\"\n","timestamp":"Wed, 13 Jul 2022 17:23:14"}
{"level":"info","message":"Server listening on port 3000","timestamp":"Wed, 13 Jul 2022 17:26:41"}
{"level":"error","timestamp":"Wed, 13 Jul 2022 17:26:41"}
{"level":"info","message":"::1 - - [13/Jul/2022:11:56:41 +0000] \"POST /api/vantage/init HTTP/1.1\" 500 153 \"-\" \"PostmanRuntime/7.28.2\"\n","timestamp":"Wed, 13 Jul 2022 17:26:41"}
{"level":"info","message":"Server listening on port 3000","timestamp":"Wed, 13 Jul 2022 17:27:46"}
{"level":"info","message":"::1 - - [13/Jul/2022:11:57:52 +0000] \"POST /api/vantage/init HTTP/1.1\" 503 87 \"-\" \"PostmanRuntime/7.28.2\"\n","timestamp":"Wed, 13 Jul 2022 17:27:52"}
{"level":"info","message":"***********Checking Teradata Connection","timestamp":"Wed, 13 Jul 2022 17:28:19"}
{"level":"info","message":"************Teradata Connection Successful!","timestamp":"Wed, 13 Jul 2022 17:28:23"}
{"level":"info","message":"************Teradata Connection closed successfully!","timestamp":"Wed, 13 Jul 2022 17:28:23"}
{"level":"info","message":"::1 - - [13/Jul/2022:11:58:23 +0000] \"POST /api/connection HTTP/1.1\" 200 61 \"-\" \"PostmanRuntime/7.28.2\"\n","timestamp":"Wed, 13 Jul 2022 17:28:23"}
{"level":"info","message":"***********Process Started","timestamp":"Wed, 13 Jul 2022 17:28:25"}
{"level":"info","message":"************Teradata Connection Successful!","timestamp":"Wed, 13 Jul 2022 17:28:28"}
{"level":"info","message":"************Teradata Connection closed successfully!","timestamp":"Wed, 13 Jul 2022 17:28:30"}
{"level":"error","message":"500 - Callback was already called. - /api/vantage/init - POST - ::1","timestamp":"Wed, 13 Jul 2022 17:28:30"}
{"level":"info","message":"::1 - - [13/Jul/2022:11:58:30 +0000] \"POST /api/vantage/init HTTP/1.1\" 500 99 \"-\" \"PostmanRuntime/7.28.2\"\n","timestamp":"Wed, 13 Jul 2022 17:28:30"}
{"level":"info","message":"***********Process Started","timestamp":"Wed, 13 Jul 2022 17:29:11"}
{"level":"info","message":"************Teradata Connection Successful!","timestamp":"Wed, 13 Jul 2022 17:29:13"}
{"level":"info","message":"************Teradata Connection closed successfully!","timestamp":"Wed, 13 Jul 2022 17:29:15"}
{"level":"error","message":"500 - Callback was already called. - /api/vantage/init - POST - ::1","timestamp":"Wed, 13 Jul 2022 17:29:15"}
{"level":"info","message":"::1 - - [13/Jul/2022:11:59:15 +0000] \"POST /api/vantage/init HTTP/1.1\" 500 99 \"-\" \"PostmanRuntime/7.28.2\"\n","timestamp":"Wed, 13 Jul 2022 17:29:15"}
{"level":"info","message":"***********Checking Teradata Connection","timestamp":"Wed, 13 Jul 2022 17:29:21"}
{"level":"info","message":"************Teradata Connection Successful!","timestamp":"Wed, 13 Jul 2022 17:29:24"}
{"level":"info","message":"************Teradata Connection closed successfully!","timestamp":"Wed, 13 Jul 2022 17:29:24"}
{"level":"info","message":"::1 - - [13/Jul/2022:11:59:24 +0000] \"POST /api/connection HTTP/1.1\" 200 61 \"-\" \"PostmanRuntime/7.28.2\"\n","timestamp":"Wed, 13 Jul 2022 17:29:24"}
{"level":"info","message":"************Teradata Connection Successful!","timestamp":"Wed, 13 Jul 2022 17:29:32"}
{"level":"info","message":"************Teradata Connection closed successfully!","timestamp":"Wed, 13 Jul 2022 17:29:35"}
{"level":"info","message":"::1 - - [13/Jul/2022:11:59:35 +0000] \"GET /api/databases HTTP/1.1\" 200 3198 \"-\" \"PostmanRuntime/7.28.2\"\n","timestamp":"Wed, 13 Jul 2022 17:29:35"}
{"level":"info","message":"************Teradata Connection Successful!","timestamp":"Wed, 13 Jul 2022 17:29:40"}
{"level":"info","message":"************Teradata Connection closed successfully!","timestamp":"Wed, 13 Jul 2022 17:29:41"}
{"level":"info","message":"::1 - - [13/Jul/2022:11:59:41 +0000] \"GET /api/databases/CDMTDFMGR/tables HTTP/1.1\" 200 794 \"-\" \"PostmanRuntime/7.28.2\"\n","timestamp":"Wed, 13 Jul 2022 17:29:41"}
{"level":"info","message":"************Teradata Connection Successful!","timestamp":"Wed, 13 Jul 2022 17:29:46"}
{"level":"info","message":"************Teradata Connection closed successfully!","timestamp":"Wed, 13 Jul 2022 17:29:47"}
{"level":"info","message":"::1 - - [13/Jul/2022:11:59:47 +0000] \"GET /api/databases/CDMTDFMGR/tables/ORDERTBL/columns HTTP/1.1\" 200 139 \"-\" \"PostmanRuntime/7.28.2\"\n","timestamp":"Wed, 13 Jul 2022 17:29:47"}
{"level":"info","message":"***********Process Started","timestamp":"Wed, 13 Jul 2022 17:29:50"}
{"level":"info","message":"************Teradata Connection Successful!","timestamp":"Wed, 13 Jul 2022 17:29:52"}
{"level":"info","message":"************Teradata Connection closed successfully!","timestamp":"Wed, 13 Jul 2022 17:29:54"}
{"level":"error","message":"500 - Callback was already called. - /api/vantage/init - POST - ::1","timestamp":"Wed, 13 Jul 2022 17:29:54"}
{"level":"info","message":"::1 - - [13/Jul/2022:11:59:54 +0000] \"POST /api/vantage/init HTTP/1.1\" 500 99 \"-\" \"PostmanRuntime/7.28.2\"\n","timestamp":"Wed, 13 Jul 2022 17:29:54"}
{"level":"info","message":"Server listening on port 3000","timestamp":"Wed, 13 Jul 2022 17:31:58"}
{"level":"info","message":"***********Checking Teradata Connection","timestamp":"Wed, 13 Jul 2022 17:32:01"}
{"level":"info","message":"************Teradata Connection Successful!","timestamp":"Wed, 13 Jul 2022 17:32:04"}
{"level":"info","message":"************Teradata Connection closed successfully!","timestamp":"Wed, 13 Jul 2022 17:32:05"}
{"level":"info","message":"::1 - - [13/Jul/2022:12:02:05 +0000] \"POST /api/connection HTTP/1.1\" 200 61 \"-\" \"PostmanRuntime/7.28.2\"\n","timestamp":"Wed, 13 Jul 2022 17:32:05"}
{"level":"info","message":"***********Process Started","timestamp":"Wed, 13 Jul 2022 17:32:07"}
{"level":"info","message":"************Teradata Connection Successful!","timestamp":"Wed, 13 Jul 2022 17:32:09"}
{"level":"info","message":"************Teradata Connection closed successfully!","timestamp":"Wed, 13 Jul 2022 17:32:12"}
{"level":"info","message":"Init process completed successfully!","timestamp":"Wed, 13 Jul 2022 17:32:12"}
{"level":"info","message":"::1 - - [13/Jul/2022:12:02:12 +0000] \"POST /api/vantage/init HTTP/1.1\" 200 1775 \"-\" \"PostmanRuntime/7.28.2\"\n","timestamp":"Wed, 13 Jul 2022 17:32:12"}
{"level":"info","message":"Server listening on port 3000","timestamp":"Wed, 13 Jul 2022 17:32:21"}
{"level":"info","message":"::1 - - [13/Jul/2022:12:02:22 +0000] \"POST /api/vantage/init HTTP/1.1\" 503 87 \"-\" \"PostmanRuntime/7.28.2\"\n","timestamp":"Wed, 13 Jul 2022 17:32:22"}
{"level":"info","message":"Server listening on port 3000","timestamp":"Wed, 13 Jul 2022 17:59:06"}
{"level":"info","message":"Server listening on port 3000","timestamp":"Wed, 13 Jul 2022 17:59:22"}
{"level":"info","message":"Server listening on port 3000","timestamp":"Wed, 13 Jul 2022 17:59:35"}
{"level":"info","message":"Server listening on port 3000","timestamp":"Wed, 13 Jul 2022 17:59:39"}
{"level":"info","message":"Server listening on port 3000","timestamp":"Wed, 13 Jul 2022 17:59:48"}
{"level":"info","message":"Server listening on port 3000","timestamp":"Wed, 13 Jul 2022 18:00:34"}
{"level":"info","message":"Server listening on port 3000","timestamp":"Wed, 13 Jul 2022 18:04:47"}
{"level":"info","message":"***********Checking Teradata Connection","timestamp":"Wed, 13 Jul 2022 18:04:49"}
{"level":"info","message":"************Teradata Connection Successful!","timestamp":"Wed, 13 Jul 2022 18:04:53"}
{"level":"info","message":"************Teradata Connection closed successfully!","timestamp":"Wed, 13 Jul 2022 18:04:53"}
{"level":"info","message":"::1 - - [13/Jul/2022:12:34:53 +0000] \"POST /api/connection HTTP/1.1\" 200 61 \"-\" \"PostmanRuntime/7.28.2\"\n","timestamp":"Wed, 13 Jul 2022 18:04:53"}
{"level":"info","message":"************Teradata Connection Successful!","timestamp":"Wed, 13 Jul 2022 18:04:59"}
{"level":"info","message":"************Teradata Connection closed successfully!","timestamp":"Wed, 13 Jul 2022 18:05:02"}
{"level":"info","message":"::1 - - [13/Jul/2022:12:35:02 +0000] \"GET /api/databases HTTP/1.1\" 200 3198 \"-\" \"PostmanRuntime/7.28.2\"\n","timestamp":"Wed, 13 Jul 2022 18:05:02"}
{"level":"info","message":"************Teradata Connection Successful!","timestamp":"Wed, 13 Jul 2022 18:05:07"}
{"level":"info","message":"************Teradata Connection closed successfully!","timestamp":"Wed, 13 Jul 2022 18:05:08"}
{"level":"info","message":"::1 - - [13/Jul/2022:12:35:08 +0000] \"GET /api/databases/CDMTDFMGR/tables HTTP/1.1\" 200 794 \"-\" \"PostmanRuntime/7.28.2\"\n","timestamp":"Wed, 13 Jul 2022 18:05:08"}
{"level":"info","message":"************Teradata Connection Successful!","timestamp":"Wed, 13 Jul 2022 18:05:12"}
{"level":"info","message":"************Teradata Connection closed successfully!","timestamp":"Wed, 13 Jul 2022 18:05:13"}
{"level":"info","message":"::1 - - [13/Jul/2022:12:35:13 +0000] \"GET /api/databases/CDMTDFMGR/tables/ORDERTBL/columns HTTP/1.1\" 200 139 \"-\" \"PostmanRuntime/7.28.2\"\n","timestamp":"Wed, 13 Jul 2022 18:05:13"}
{"level":"info","message":"***********Process Started","timestamp":"Wed, 13 Jul 2022 18:05:20"}
{"level":"info","message":"************Teradata Connection Successful!","timestamp":"Wed, 13 Jul 2022 18:05:22"}
{"level":"info","message":"************Teradata Connection closed successfully!","timestamp":"Wed, 13 Jul 2022 18:05:24"}
{"level":"info","message":"Init process completed successfully!","timestamp":"Wed, 13 Jul 2022 18:05:24"}
{"level":"info","message":"::1 - - [13/Jul/2022:12:35:24 +0000] \"POST /api/vantage/init HTTP/1.1\" 200 1775 \"-\" \"PostmanRuntime/7.28.2\"\n","timestamp":"Wed, 13 Jul 2022 18:05:24"}
{"level":"info","message":"::1 - - [13/Jul/2022:12:35:32 +0000] \"GET /api/vantage/question/1%0A HTTP/1.1\" 200 296 \"-\" \"PostmanRuntime/7.28.2\"\n","timestamp":"Wed, 13 Jul 2022 18:05:32"}
{"level":"info","message":"::1 - - [13/Jul/2022:12:35:42 +0000] \"POST /api/vantage/question/1 HTTP/1.1\" 503 69 \"-\" \"PostmanRuntime/7.28.2\"\n","timestamp":"Wed, 13 Jul 2022 18:05:42"}
{"level":"info","message":"************Teradata Connection Successful!","timestamp":"Wed, 13 Jul 2022 18:06:39"}
{"level":"error","message":"500 - answers is not defined - /api/vantage/question/1 - POST - ::1","timestamp":"Wed, 13 Jul 2022 18:06:39"}
{"level":"info","message":"::1 - - [13/Jul/2022:12:36:39 +0000] \"POST /api/vantage/question/1 HTTP/1.1\" 500 99 \"-\" \"PostmanRuntime/7.28.2\"\n","timestamp":"Wed, 13 Jul 2022 18:06:39"}
{"level":"info","message":"Server listening on port 3000","timestamp":"Wed, 13 Jul 2022 18:07:47"}
{"level":"info","message":"***********Checking Teradata Connection","timestamp":"Wed, 13 Jul 2022 18:07:48"}
{"level":"info","message":"************Teradata Connection Successful!","timestamp":"Wed, 13 Jul 2022 18:07:51"}
{"level":"info","message":"************Teradata Connection closed successfully!","timestamp":"Wed, 13 Jul 2022 18:07:51"}
{"level":"info","message":"::1 - - [13/Jul/2022:12:37:51 +0000] \"POST /api/connection HTTP/1.1\" 200 61 \"-\" \"PostmanRuntime/7.28.2\"\n","timestamp":"Wed, 13 Jul 2022 18:07:51"}
{"level":"info","message":"************Teradata Connection Successful!","timestamp":"Wed, 13 Jul 2022 18:07:57"}
{"level":"info","message":"************Teradata Connection closed successfully!","timestamp":"Wed, 13 Jul 2022 18:07:58"}
{"level":"info","message":"::1 - - [13/Jul/2022:12:37:58 +0000] \"GET /api/databases/CDMTDFMGR/tables/ORDERTBL/columns HTTP/1.1\" 200 139 \"-\" \"PostmanRuntime/7.28.2\"\n","timestamp":"Wed, 13 Jul 2022 18:07:58"}
{"level":"info","message":"************Teradata Connection Successful!","timestamp":"Wed, 13 Jul 2022 18:08:04"}
{"level":"info","message":"******************Table deleted successfully","timestamp":"Wed, 13 Jul 2022 18:08:04"}
{"level":"info","message":"******************Table Created successfully","timestamp":"Wed, 13 Jul 2022 18:08:05"}
{"level":"info","message":"::1 - - [13/Jul/2022:12:38:05 +0000] \"POST /api/vantage/question/1 HTTP/1.1\" 200 27 \"-\" \"PostmanRuntime/7.28.2\"\n","timestamp":"Wed, 13 Jul 2022 18:08:05"}
{"level":"info","message":"Server listening on port 3000","timestamp":"Wed, 13 Jul 2022 18:11:43"}
{"level":"info","message":"***********Checking Teradata Connection","timestamp":"Wed, 13 Jul 2022 18:11:52"}
{"level":"info","message":"************Teradata Connection Successful!","timestamp":"Wed, 13 Jul 2022 18:11:55"}
{"level":"info","message":"************Teradata Connection closed successfully!","timestamp":"Wed, 13 Jul 2022 18:11:56"}
{"level":"info","message":"::1 - - [13/Jul/2022:12:41:56 +0000] \"POST /api/connection HTTP/1.1\" 200 61 \"-\" \"PostmanRuntime/7.28.2\"\n","timestamp":"Wed, 13 Jul 2022 18:11:56"}
{"level":"info","message":"************Teradata Connection Successful!","timestamp":"Wed, 13 Jul 2022 18:12:00"}
{"level":"info","message":"************Teradata Connection closed successfully!","timestamp":"Wed, 13 Jul 2022 18:12:01"}
{"level":"info","message":"::1 - - [13/Jul/2022:12:42:01 +0000] \"GET /api/databases/CDMTDFMGR/tables/ORDERTBL/columns HTTP/1.1\" 200 139 \"-\" \"PostmanRuntime/7.28.2\"\n","timestamp":"Wed, 13 Jul 2022 18:12:01"}
{"level":"info","message":"************Teradata Connection Successful!","timestamp":"Wed, 13 Jul 2022 18:12:06"}
{"level":"info","message":"******************Table deleted successfully","timestamp":"Wed, 13 Jul 2022 18:12:07"}
{"level":"info","message":"******************Table Created successfully","timestamp":"Wed, 13 Jul 2022 18:12:08"}
{"level":"info","message":"::1 - - [13/Jul/2022:12:42:08 +0000] \"POST /api/vantage/question/1 HTTP/1.1\" 200 27 \"-\" \"PostmanRuntime/7.28.2\"\n","timestamp":"Wed, 13 Jul 2022 18:12:08"}
{"level":"info","message":"Server listening on port 3000","timestamp":"Wed, 13 Jul 2022 18:12:24"}
{"level":"info","message":"Server listening on port 3000","timestamp":"Wed, 13 Jul 2022 18:12:31"}
{"level":"info","message":"Server listening on port 3000","timestamp":"Wed, 13 Jul 2022 18:15:59"}
{"level":"info","message":"Server listening on port 3000","timestamp":"Wed, 13 Jul 2022 18:28:18"}
{"level":"info","message":"Server listening on port 3000","timestamp":"Wed, 13 Jul 2022 18:30:35"}
{"level":"info","message":"***********Checking Teradata Connection","timestamp":"Wed, 13 Jul 2022 18:30:43"}
{"level":"info","message":"************Teradata Connection Successful!","timestamp":"Wed, 13 Jul 2022 18:30:46"}
{"level":"info","message":"************Teradata Connection closed successfully!","timestamp":"Wed, 13 Jul 2022 18:30:46"}
{"level":"info","message":"::1 - - [13/Jul/2022:13:00:46 +0000] \"POST /api/connection HTTP/1.1\" 200 61 \"-\" \"PostmanRuntime/7.28.2\"\n","timestamp":"Wed, 13 Jul 2022 18:30:46"}
{"level":"info","message":"************Teradata Connection Successful!","timestamp":"Wed, 13 Jul 2022 18:30:53"}
{"level":"info","message":"************Teradata Connection closed successfully!","timestamp":"Wed, 13 Jul 2022 18:30:54"}
{"level":"info","message":"::1 - - [13/Jul/2022:13:00:54 +0000] \"GET /api/databases/CDMTDFMGR/tables/ORDERTBL/columns HTTP/1.1\" 200 139 \"-\" \"PostmanRuntime/7.28.2\"\n","timestamp":"Wed, 13 Jul 2022 18:30:54"}
{"level":"info","message":"************Teradata Connection Successful!","timestamp":"Wed, 13 Jul 2022 18:31:06"}
{"level":"info","message":"******************Table deleted successfully","timestamp":"Wed, 13 Jul 2022 18:31:07"}
{"level":"info","message":"******************Table Created successfully","timestamp":"Wed, 13 Jul 2022 18:31:07"}
{"level":"info","message":"Exploratory Data Analysis started using Vantage MLE functions 'UnivariateStatistics' and 'Unpivoting' ...","timestamp":"Wed, 13 Jul 2022 18:31:07"}
{"level":"info","message":"Droping moments_ table if any","timestamp":"Wed, 13 Jul 2022 18:31:07"}
{"level":"error","message":"**************Table deletion failed but this can be ignored!","timestamp":"Wed, 13 Jul 2022 18:31:08"}
{"level":"info","message":"Droping basic_ table if any","timestamp":"Wed, 13 Jul 2022 18:31:08"}
{"level":"error","message":"**************Table deletion failed but this can be ignored!","timestamp":"Wed, 13 Jul 2022 18:31:08"}
{"level":"info","message":"Droping quantiles_ table if any","timestamp":"Wed, 13 Jul 2022 18:31:08"}
{"level":"error","message":"**************Table deletion failed but this can be ignored!","timestamp":"Wed, 13 Jul 2022 18:31:08"}
{"level":"info","message":"::1 - - [13/Jul/2022:13:01:08 +0000] \"POST /api/vantage/question/1 HTTP/1.1\" 200 27 \"-\" \"PostmanRuntime/7.28.2\"\n","timestamp":"Wed, 13 Jul 2022 18:31:08"}
{"level":"info","message":"Server listening on port 3000","timestamp":"Wed, 13 Jul 2022 18:35:27"}
{"level":"info","message":"Server listening on port 3000","timestamp":"Wed, 13 Jul 2022 18:36:04"}
{"level":"info","message":"***********Checking Teradata Connection","timestamp":"Wed, 13 Jul 2022 18:36:13"}
{"level":"info","message":"************Teradata Connection Successful!","timestamp":"Wed, 13 Jul 2022 18:36:17"}
{"level":"info","message":"************Teradata Connection closed successfully!","timestamp":"Wed, 13 Jul 2022 18:36:17"}
{"level":"info","message":"::1 - - [13/Jul/2022:13:06:17 +0000] \"POST /api/connection HTTP/1.1\" 200 61 \"-\" \"PostmanRuntime/7.28.2\"\n","timestamp":"Wed, 13 Jul 2022 18:36:17"}
{"level":"info","message":"***********Process Started","timestamp":"Wed, 13 Jul 2022 18:36:19"}
{"level":"info","message":"************Teradata Connection Successful!","timestamp":"Wed, 13 Jul 2022 18:36:22"}
{"level":"info","message":"************Teradata Connection closed successfully!","timestamp":"Wed, 13 Jul 2022 18:36:24"}
{"level":"info","message":"Init process completed successfully!","timestamp":"Wed, 13 Jul 2022 18:36:24"}
{"level":"info","message":"::1 - - [13/Jul/2022:13:06:24 +0000] \"POST /api/vantage/init HTTP/1.1\" 200 1782 \"-\" \"PostmanRuntime/7.28.2\"\n","timestamp":"Wed, 13 Jul 2022 18:36:24"}
{"level":"info","message":"************Teradata Connection Successful!","timestamp":"Wed, 13 Jul 2022 18:36:29"}
{"level":"info","message":"************Teradata Connection closed successfully!","timestamp":"Wed, 13 Jul 2022 18:36:30"}
{"level":"info","message":"::1 - - [13/Jul/2022:13:06:30 +0000] \"GET /api/databases/CDMTDFMGR/tables/ORDERTBL/columns HTTP/1.1\" 200 139 \"-\" \"PostmanRuntime/7.28.2\"\n","timestamp":"Wed, 13 Jul 2022 18:36:30"}
{"level":"info","message":"************Teradata Connection Successful!","timestamp":"Wed, 13 Jul 2022 18:36:36"}
{"level":"info","message":"******************Table deleted successfully","timestamp":"Wed, 13 Jul 2022 18:36:36"}
{"level":"info","message":"******************Table Created successfully","timestamp":"Wed, 13 Jul 2022 18:36:37"}
{"level":"info","message":"Exploratory Data Analysis started using Vantage MLE functions 'UnivariateStatistics' and 'Unpivoting' ...","timestamp":"Wed, 13 Jul 2022 18:36:37"}
{"level":"info","message":"Droping moments_ table if any","timestamp":"Wed, 13 Jul 2022 18:36:37"}
{"level":"error","message":"**************Table deletion failed but this can be ignored!","timestamp":"Wed, 13 Jul 2022 18:36:37"}
{"level":"info","message":"Droping basic_ table if any","timestamp":"Wed, 13 Jul 2022 18:36:37"}
{"level":"error","message":"**************Table deletion failed but this can be ignored!","timestamp":"Wed, 13 Jul 2022 18:36:37"}
{"level":"info","message":"Droping quantiles_ table if any","timestamp":"Wed, 13 Jul 2022 18:36:37"}
{"level":"error","message":"**************Table deletion failed but this can be ignored!","timestamp":"Wed, 13 Jul 2022 18:36:38"}
{"level":"error","message":"******************Query Execution Failed","timestamp":"Wed, 13 Jul 2022 18:36:38"}
{"level":"error","timestamp":"Wed, 13 Jul 2022 18:36:38"}
{"level":"error","timestamp":"Wed, 13 Jul 2022 18:36:38"}
{"level":"info","message":"::1 - - [13/Jul/2022:13:06:38 +0000] \"POST /api/vantage/question/1 HTTP/1.1\" 200 27 \"-\" \"PostmanRuntime/7.28.2\"\n","timestamp":"Wed, 13 Jul 2022 18:36:38"}
