{"level":"error","message":"404 - Not Found - /api/vantage/question%0A - GET - ::1","timestamp":"Fri, 29 Jul 2022 18:52:36"}
{"level":"error","message":"Missing required fields in the request.","timestamp":"Fri, 29 Jul 2022 18:57:36"}
{"level":"error","message":"500 - Missing required fields in the request. - /api/vantage/question/10%0A - GET - ::1","timestamp":"Fri, 29 Jul 2022 18:57:36"}
{"level":"error","message":"Missing required fields in the request.","timestamp":"Fri, 29 Jul 2022 19:02:49"}
{"level":"error","message":"500 - Missing required fields in the request. - /api/vantage/question/10%0A - GET - ::1","timestamp":"Fri, 29 Jul 2022 19:02:49"}
{"level":"error","message":"Missing required fields in the request.","timestamp":"Fri, 29 Jul 2022 19:03:24"}
{"level":"error","message":"500 - Missing required fields in the request. - /api/vantage/question/10%0A - GET - ::1","timestamp":"Fri, 29 Jul 2022 19:03:24"}
{"level":"error","message":"Missing required fields in the request.","timestamp":"Fri, 29 Jul 2022 19:05:53"}
{"level":"error","message":"500 - Missing required fields in the request. - /api/vantage/question/10%0A - GET - ::1","timestamp":"Fri, 29 Jul 2022 19:05:53"}
{"level":"error","message":"Missing required fields in the request.","timestamp":"Fri, 29 Jul 2022 19:06:08"}
{"level":"error","message":"500 - Missing required fields in the request. - /api/vantage/question/10 - GET - ::1","timestamp":"Fri, 29 Jul 2022 19:06:08"}
{"level":"error","message":"Missing required fields in the request.","timestamp":"Fri, 29 Jul 2022 19:07:45"}
{"level":"error","message":"Missing required fields in the request.","timestamp":"Fri, 29 Jul 2022 19:10:50"}
{"level":"error","message":"Missing required fields in the request.","timestamp":"Fri, 29 Jul 2022 19:14:40"}
{"level":"error","message":"400 - Missing required fields in the request. - /api/vantage/question/10 - GET - ::1","timestamp":"Fri, 29 Jul 2022 19:14:40"}
{"level":"error","message":"Teradata Connection failed [Version 42659830765e8ee7b720b821cd0b35677b82dbd5] [Session 1898] [Teradata Database] [Error 8017] The UserId, Password or Account is invalid.\n at gosqldriver/teradatasql.formatError ErrorUtil.go:88\n at gosqldriver/teradatasql.(*teradataConnection).formatDatabaseError ErrorUtil.go:216\n at gosqldriver/teradatasql.(*teradataConnection).makeChainedDatabaseError ErrorUtil.go:232\n at gosqldriver/teradatasql.(*teradataConnection).makeDatabaseError ErrorUtil.go:244\n at gosqldriver/teradatasql.(*teradataConnection).processMessageSuccessOrError TeradataConnection.go:928\n at gosqldriver/teradatasql.newTeradataConnection TeradataConnection.go:543\n at gosqldriver/teradatasql.(*teradataDriver).Open TeradataDriver.go:32\n at database/sql.dsnConnector.Connect sql.go:761\n at database/sql.(*DB).conn sql.go:1395\n at database/sql.(*DB).Conn sql.go:1928\n at main.goCreateConnection goside.go:289\n at main.jsgoCreateConnection goside.go:249\n at _cgoexp_7cdf4597d74c_jsgoCreateConnection _cgo_gotypes.go:224\n at runtime.cgocallbackg1 cgocall.go:314\n at runtime.cgocallbackg cgocall.go:233\n at runtime.cgocallback asm_amd64.s:971\n at runtime.goexit asm_amd64.s:1571","timestamp":"Fri, 29 Jul 2022 23:06:56"}
{"level":"error","message":"500 - Could not connect to the Teradata. - /api/connection - POST - ::1","timestamp":"Fri, 29 Jul 2022 23:06:56"}
{"level":"error","message":"Teradata Connection failed [Version 42659830765e8ee7b720b821cd0b35677b82dbd5] [Session 1899] [Teradata Database] [Error 8017] The UserId, Password or Account is invalid.\n at gosqldriver/teradatasql.formatError ErrorUtil.go:88\n at gosqldriver/teradatasql.(*teradataConnection).formatDatabaseError ErrorUtil.go:216\n at gosqldriver/teradatasql.(*teradataConnection).makeChainedDatabaseError ErrorUtil.go:232\n at gosqldriver/teradatasql.(*teradataConnection).makeDatabaseError ErrorUtil.go:244\n at gosqldriver/teradatasql.(*teradataConnection).processMessageSuccessOrError TeradataConnection.go:928\n at gosqldriver/teradatasql.newTeradataConnection TeradataConnection.go:543\n at gosqldriver/teradatasql.(*teradataDriver).Open TeradataDriver.go:32\n at database/sql.dsnConnector.Connect sql.go:761\n at database/sql.(*DB).conn sql.go:1395\n at database/sql.(*DB).Conn sql.go:1928\n at main.goCreateConnection goside.go:289\n at main.jsgoCreateConnection goside.go:249\n at _cgoexp_7cdf4597d74c_jsgoCreateConnection _cgo_gotypes.go:224\n at runtime.cgocallbackg1 cgocall.go:314\n at runtime.cgocallbackg cgocall.go:233\n at runtime.cgocallback asm_amd64.s:971\n at runtime.goexit asm_amd64.s:1571","timestamp":"Fri, 29 Jul 2022 23:06:59"}
{"level":"error","message":"500 - Could not connect to the Teradata. - /api/connection - POST - ::1","timestamp":"Fri, 29 Jul 2022 23:06:59"}
{"level":"error","message":"Table deletion failed, can be ignored!","timestamp":"Fri, 29 Jul 2022 23:26:43"}
{"level":"error","message":"400 - Missing required fields in the request. - /api/vantage/numuric/conversion - POST - ::1","timestamp":"Fri, 29 Jul 2022 23:36:58"}
{"level":"error","message":"401 - Missing required fields in the request. - /api/databases - POST - ::1","timestamp":"Fri, 29 Jul 2022 23:47:15"}
{"level":"error","message":"401 - Missing required fields in the request. - /api/databases - POST - ::1","timestamp":"Sat, 30 Jul 2022 00:07:48"}
{"level":"error","message":"401 - Missing required fields in the request. - /api/databases - POST - ::1","timestamp":"Sat, 30 Jul 2022 00:09:32"}
